<?xml version="1.0" encoding="UTF-8"?>
<!-- Generated by org.testng.reporters.JUnitReportReporter -->
<testsuite skipped="0" hostname="DESKTOP-E949NNJ" name="MavenTutorial.Mavenjava.RestApiTest" tests="2" failures="0" timestamp="2020-06-08T22:25:57 IST" time="0.006" errors="0">
  <testcase name="deleteTwwitter" time="0.006" classname="MavenTutorial.Mavenjava.RestApiTest"/>
  <system-out/>
  <testcase name="postJira" time="0.000" classname="MavenTutorial.Mavenjava.RestApiTest"/>
  <system-out/>
</testsuite> <!-- MavenTutorial.Mavenjava.RestApiTest -->
