<?xml version="1.0" encoding="UTF-8"?>
<!-- Generated by org.testng.reporters.JUnitReportReporter -->
<testsuite skipped="0" hostname="DESKTOP-E949NNJ" name="MavenTutorial.Mavenjava.AppiuMTest" tests="2" failures="0" timestamp="2020-06-08T22:25:23 IST" time="0.003" errors="0">
  <testcase name="iosApps" time="0.001" classname="MavenTutorial.Mavenjava.AppiuMTest"/>
  <system-out/>
  <testcase name="nativeAppAndroid" time="0.002" classname="MavenTutorial.Mavenjava.AppiuMTest"/>
  <system-out/>
</testsuite> <!-- MavenTutorial.Mavenjava.AppiuMTest -->
