<?xml version="1.0" encoding="UTF-8"?>
<!-- Generated by org.testng.reporters.JUnitReportReporter -->
<testsuite skipped="0" hostname="DESKTOP-E949NNJ" name="MavenTutorial.Mavenjava.SeleniumTest" tests="2" failures="0" timestamp="2020-06-08T22:25:57 IST" time="0.002" errors="0">
  <testcase name="elementsUi" time="0.001" classname="MavenTutorial.Mavenjava.SeleniumTest"/>
  <system-out/>
  <testcase name="browserTest" time="0.001" classname="MavenTutorial.Mavenjava.SeleniumTest"/>
  <system-out/>
</testsuite> <!-- MavenTutorial.Mavenjava.SeleniumTest -->
